make all --print-data-base --no-builtin-variables --no-builtin-rules --question
# GNU Make 3.81
# Copyright (C) 2006  Free Software Foundation, Inc.
# This is free software; see the source for copying conditions.
# There is NO warranty; not even for MERCHANTABILITY or FITNESS FOR A
# PARTICULAR PURPOSE.

# This program built for i386-apple-darwin11.3.0
 
make: *** No rule to make target `all'.  Stop.


# Make data base, printed on Thu May 19 16:07:20 2022

# Variables

# automatic
<D = $(patsubst %/,%,$(dir $<))
# automatic
?F = $(notdir $?)
# environment
VSCODE_LOG_NATIVE = false
# automatic
?D = $(patsubst %/,%,$(dir $?))
# automatic
@D = $(patsubst %/,%,$(dir $@))
# automatic
@F = $(notdir $@)
# makefile
CURDIR := /Users/boeingart/OOP_big_homework/chessControl
# makefile
SHELL = /bin/sh
# environment
VSCODE_NLS_CONFIG = {"locale":"zh-cn","availableLanguages":{"*":"zh-cn"},"_languagePackId":"42e84e0914b17800d483f69e299e1b00.zh-cn","_translationsConfigFile":"/Users/boeingart/Library/Application Support/Code/clp/42e84e0914b17800d483f69e299e1b00.zh-cn/tcf.json","_cacheRoot":"/Users/boeingart/Library/Application Support/Code/clp/42e84e0914b17800d483f69e299e1b00.zh-cn","_resolvedLanguagePackCoreLocation":"/Users/boeingart/Library/Application Support/Code/clp/42e84e0914b17800d483f69e299e1b00.zh-cn/da15b6fd3ef856477bf6f4fb29ba1b7af717770d","_corruptedFile":"/Users/boeingart/Library/Application Support/Code/clp/42e84e0914b17800d483f69e299e1b00.zh-cn/corrupted.info","_languagePackSupport":true}
# environment
_ = /usr/bin/make
# makefile (from `makefile', line 1)
MAKEFILE_LIST :=  makefile
# environment
VSCODE_VERBOSE_LOGGING = true
# environment
__CFBundleIdentifier = com.microsoft.VSCode
# environment
VSCODE_IPC_HOOK_EXTHOST = /var/folders/tb/0h46d37s49z7c1qkkms7fdbh0000gn/T/vscode-ipc-97c94e40-65f1-4964-86e6-024563f36289.sock
# environment
VSCODE_CWD = /
# environment
PATH = /usr/bin:/bin:/usr/sbin:/sbin
# environment
LaunchInstanceID = 21CA4616-B040-473B-8D24-B9568BDF48F2
# environment
VSCODE_LOG_STACK = false
# environment
ELECTRON_RUN_AS_NODE = 1
# default
.FEATURES := target-specific order-only second-expansion else-if archives jobserver check-symlink
# environment
SSH_AUTH_SOCK = /private/tmp/com.apple.launchd.q4xbATcHJW/Listeners
# automatic
%F = $(notdir $%)
# environment
DISPLAY = /private/tmp/com.apple.launchd.F38klbLpIB/org.xquartz:0
# environment
VSCODE_PIPE_LOGGING = true
# environment
PWD = /Users/boeingart/OOP_big_homework/chessControl
# environment
ORIGINAL_XDG_CURRENT_DESKTOP = undefined
# environment
VSCODE_AMD_ENTRYPOINT = vs/workbench/api/node/extensionHostProcess
# environment
HOME = /Users/boeingart
# makefile (from `makefile', line 2)
Headers = $(wildcard *.h)
# default
MAKEFILEPATH := /Applications/Xcode.app/Contents/Developer/Makefiles
# environment
VSCODE_CODE_CACHE_PATH = /Users/boeingart/Library/Application Support/Code/CachedData/da15b6fd3ef856477bf6f4fb29ba1b7af717770d
# environment
LOGNAME = BoeingART
# environment
APPLICATION_INSIGHTS_NO_DIAGNOSTIC_CHANNEL = 1
# environment
VSCODE_HANDLES_UNCAUGHT_ERRORS = true
# automatic
^D = $(patsubst %/,%,$(dir $^))
# environment
XPC_FLAGS = 0x0
# default
MAKE = $(MAKE_COMMAND)
# default
MAKECMDGOALS := all
# environment
SHLVL = 1
# default
MAKE_VERSION := 3.81
# environment
USER = BoeingART
# makefile
.DEFAULT_GOAL := testRun
# automatic
%D = $(patsubst %/,%,$(dir $%))
# default
MAKE_COMMAND := /Applications/Xcode.app/Contents/Developer/usr/bin/make
# default
.VARIABLES := 
# environment
TMPDIR = /var/folders/tb/0h46d37s49z7c1qkkms7fdbh0000gn/T/
# automatic
*F = $(notdir $*)
# environment
VSCODE_IPC_HOOK = /Users/boeingart/Library/Application Support/Code/1.67.1-main.sock
# makefile
MAKEFLAGS = Rrqp
# environment
MFLAGS = -Rrqp
# automatic
*D = $(patsubst %/,%,$(dir $*))
# environment
XPC_SERVICE_NAME = application.com.microsoft.VSCode.18279307.18279313
# automatic
+D = $(patsubst %/,%,$(dir $+))
# automatic
+F = $(notdir $+)
# environment
__CF_USER_TEXT_ENCODING = 0x1F5:0x19:0x34
# environment
COMMAND_MODE = unix2003
# default
MAKEFILES := 
# makefile (from `makefile', line 1)
Sources = $(wildcard *.cpp)
# automatic
<F = $(notdir $<)
# environment
LC_ALL = C
# environment
SECURITYSESSIONID = 186b1
# makefile (from `makefile', line 4)
exec = testRun
# automatic
^F = $(notdir $^)
# default
SUFFIXES := 
# environment
MAKELEVEL := 0
# environment
LANG = C
# makefile (from `makefile', line 3)
Objects = $(Sources:%.cpp=%.o)
# environment
VSCODE_PID = 611
# variable set hash-table stats:
# Load=68/1024=7%, Rehash=0, Collisions=1/98=1%

# Pattern-specific Variable Values

# No pattern-specific variable values.

# Directories

# . (device 16777233, inode 15886386): 19 files, no impossibilities.

# 19 files, no impossibilities in 1 directories.

# Implicit Rules

# No implicit rules.

# Files

# Not a target:
chesscontrolsize4.h:
#  Implicit rule search has not been done.
#  Modification time never checked.
#  File has not been updated.

# Not a target:
all:
#  Command-line target.
#  Implicit rule search has been done.
#  File does not exist.
#  File has not been updated.
# variable set hash-table stats:
# Load=0/32=0%, Rehash=0, Collisions=0/0=0%

.PHONY: clean rebuild explain
#  Implicit rule search has not been done.
#  Modification time never checked.
#  File has not been updated.

# Not a target:
chesscontrolsize4.cpp:
#  Implicit rule search has not been done.
#  Modification time never checked.
#  File has not been updated.

explain:
#  Phony target (prerequisite of .PHONY).
#  Implicit rule search has not been done.
#  File does not exist.
#  File has not been updated.
#  commands to execute (from `makefile', line 18):
	@echo "Headers: $(Headers)"
	@echo "Sources: $(Sources)"
	@echo "Objects: $(Objects)"
	@echo "exec: $(exec)"
	

chesscontrolsize1.o: chesscontrolsize1.cpp chesscontrol.h chesscontrolsize1.h chesscontrolsize2.h chesscontrolsize4.h
#  Implicit rule search has not been done.
#  Implicit/static pattern stem: `chesscontrolsize1'
#  Modification time never checked.
#  File has not been updated.
#  commands to execute (from `makefile', line 10):
	$(CXX) -c $< -o $@ -I %.h
	

# Not a target:
.SUFFIXES:
#  Implicit rule search has not been done.
#  Modification time never checked.
#  File has not been updated.

rebuild: clean testRun
#  Phony target (prerequisite of .PHONY).
#  Implicit rule search has not been done.
#  File does not exist.
#  File has not been updated.

testRun: chesscontrol.o chesscontrolsize1.o chesscontrolsize2.o chesscontrolsize4.o testChess.o
#  Implicit rule search has not been done.
#  Modification time never checked.
#  File has not been updated.
#  commands to execute (from `makefile', line 7):
	$(CXX) $^ -o $@ 
	

# Not a target:
makefile:
#  Implicit rule search has been done.
#  Last modified 2022-05-08 16:02:43
#  File has been updated.
#  Successfully updated.
# variable set hash-table stats:
# Load=0/32=0%, Rehash=0, Collisions=0/0=0%

# Not a target:
chesscontrol.h:
#  Implicit rule search has not been done.
#  Modification time never checked.
#  File has not been updated.

chesscontrolsize2.o: chesscontrolsize2.cpp chesscontrol.h chesscontrolsize1.h chesscontrolsize2.h chesscontrolsize4.h
#  Implicit rule search has not been done.
#  Implicit/static pattern stem: `chesscontrolsize2'
#  Modification time never checked.
#  File has not been updated.
#  commands to execute (from `makefile', line 10):
	$(CXX) -c $< -o $@ -I %.h
	

# Not a target:
chesscontrol.cpp:
#  Implicit rule search has not been done.
#  Modification time never checked.
#  File has not been updated.

# Not a target:
testChess.cpp:
#  Implicit rule search has not been done.
#  Modification time never checked.
#  File has not been updated.

# Not a target:
.DEFAULT:
#  Implicit rule search has not been done.
#  Modification time never checked.
#  File has not been updated.

chesscontrolsize4.o: chesscontrolsize4.cpp chesscontrol.h chesscontrolsize1.h chesscontrolsize2.h chesscontrolsize4.h
#  Implicit rule search has not been done.
#  Implicit/static pattern stem: `chesscontrolsize4'
#  Modification time never checked.
#  File has not been updated.
#  commands to execute (from `makefile', line 10):
	$(CXX) -c $< -o $@ -I %.h
	

clean:
#  Phony target (prerequisite of .PHONY).
#  Implicit rule search has not been done.
#  File does not exist.
#  File has not been updated.
#  commands to execute (from `makefile', line 13):
	rm *.o $(exec)
	

# Not a target:
chesscontrolsize1.h:
#  Implicit rule search has not been done.
#  Modification time never checked.
 
#  File has not been updated.

# Not a target:
chesscontrolsize1.cpp:
#  Implicit rule search has not been done.
#  Modification time never checked.
#  File has not been updated.

chesscontrol.o: chesscontrol.cpp chesscontrol.h chesscontrolsize1.h chesscontrolsize2.h chesscontrolsize4.h
#  Implicit rule search has not been done.
#  Implicit/static pattern stem: `chesscontrol'
#  Modification time never checked.
#  File has not been updated.
#  commands to execute (from `makefile', line 10):
	$(CXX) -c $< -o $@ -I %.h
	

# Not a target:
chesscontrolsize2.h:
#  Implicit rule search has not been done.
#  Modification time never checked.
#  File has not been updated.

testChess.o: testChess.cpp chesscontrol.h chesscontrolsize1.h chesscontrolsize2.h chesscontrolsize4.h
#  Implicit rule search has not been done.
#  Implicit/static pattern stem: `testChess'
#  Modification time never checked.
#  File has not been updated.
#  commands to execute (from `makefile', line 10):
	$(CXX) -c $< -o $@ -I %.h
	

# Not a target:
chesscontrolsize2.cpp:
#  Implicit rule search has not been done.
#  Modification time never checked.
#  File has not been updated.

# files hash-table stats:
# Load=23/1024=2%, Rehash=0, Collisions=0/70=0%
# VPATH Search Paths

# No `vpath' search paths.

# No general (`VPATH' variable) search path.

# # of strings in strcache: 1
# # of strcache buffers: 1
# strcache size: total = 4096 / max = 4096 / min = 4096 / avg = 4096
# strcache free: total = 4087 / max = 4087 / min = 4087 / avg = 4087

# Finished Make data base on Thu May 19 16:07:20 2022

 
